<?xml version="1.0" encoding="UTF-8"?>
<testsuite name="com.crossover.techtrial.controller.ArticleControllerTest" tests="1" skipped="0" failures="0" errors="0" timestamp="2018-04-23T10:18:48" hostname="master" time="12.156">
  <properties/>
  <testcase name="testArticleShouldBeCreated" classname="com.crossover.techtrial.controller.ArticleControllerTest" time="12.156"/>
  <system-out><![CDATA[2018-04-23 06:18:24.961  INFO 11241 --- [    Test worker] .b.t.c.SpringBootTestContextBootstrapper : Neither @ContextConfiguration nor @ContextHierarchy found for test class [com.crossover.techtrial.controller.ArticleControllerTest], using SpringBootContextLoader
2018-04-23 06:18:24.963  INFO 11241 --- [    Test worker] o.s.t.c.support.AbstractContextLoader    : Could not detect default resource locations for test class [com.crossover.techtrial.controller.ArticleControllerTest]: no resource found for suffixes {-context.xml, Context.groovy}.
2018-04-23 06:18:24.963  INFO 11241 --- [    Test worker] t.c.s.AnnotationConfigContextLoaderUtils : Could not detect default configuration classes for test class [com.crossover.techtrial.controller.ArticleControllerTest]: ArticleControllerTest does not declare any static, non-private, non-final, nested classes annotated with @Configuration.
2018-04-23 06:18:25.044  INFO 11241 --- [    Test worker] .b.t.c.SpringBootTestContextBootstrapper : Found @SpringBootConfiguration com.crossover.techtrial.CrossBlogsApplication for test class com.crossover.techtrial.controller.ArticleControllerTest
2018-04-23 06:18:25.054  INFO 11241 --- [    Test worker] .b.t.c.SpringBootTestContextBootstrapper : Loaded default TestExecutionListener class names from location [META-INF/spring.factories]: [org.springframework.boot.test.autoconfigure.restdocs.RestDocsTestExecutionListener, org.springframework.boot.test.autoconfigure.web.client.MockRestServiceServerResetTestExecutionListener, org.springframework.boot.test.autoconfigure.web.servlet.MockMvcPrintOnlyOnFailureTestExecutionListener, org.springframework.boot.test.autoconfigure.web.servlet.WebDriverTestExecutionListener, org.springframework.boot.test.mock.mockito.MockitoTestExecutionListener, org.springframework.boot.test.mock.mockito.ResetMocksTestExecutionListener, org.springframework.test.context.web.ServletTestExecutionListener, org.springframework.test.context.support.DirtiesContextBeforeModesTestExecutionListener, org.springframework.test.context.support.DependencyInjectionTestExecutionListener, org.springframework.test.context.support.DirtiesContextTestExecutionListener, org.springframework.test.context.transaction.TransactionalTestExecutionListener, org.springframework.test.context.jdbc.SqlScriptsTestExecutionListener]
2018-04-23 06:18:25.055  INFO 11241 --- [    Test worker] .b.t.c.SpringBootTestContextBootstrapper : Using TestExecutionListeners: [org.springframework.test.context.web.ServletTestExecutionListener@674fd9ec, org.springframework.test.context.support.DirtiesContextBeforeModesTestExecutionListener@3e329d94, org.springframework.boot.test.mock.mockito.MockitoTestExecutionListener@2eaa54c2, org.springframework.boot.test.autoconfigure.SpringBootDependencyInjectionTestExecutionListener@38ea09b1, org.springframework.test.context.support.DirtiesContextTestExecutionListener@217337f9, org.springframework.test.context.transaction.TransactionalTestExecutionListener@b07d07e, org.springframework.test.context.jdbc.SqlScriptsTestExecutionListener@77778998, org.springframework.boot.test.autoconfigure.restdocs.RestDocsTestExecutionListener@1fb8b146, org.springframework.boot.test.autoconfigure.web.client.MockRestServiceServerResetTestExecutionListener@27cc91b7, org.springframework.boot.test.autoconfigure.web.servlet.MockMvcPrintOnlyOnFailureTestExecutionListener@12fd3110, org.springframework.boot.test.autoconfigure.web.servlet.WebDriverTestExecutionListener@598d519e, org.springframework.boot.test.mock.mockito.ResetMocksTestExecutionListener@3e5f968]

  .   ____          _            __ _ _
 /\\ / ___'_ __ _ _(_)_ __  __ _ \ \ \ \
( ( )\___ | '_ | '_| | '_ \/ _` | \ \ \ \
 \\/  ___)| |_)| | | | | || (_| |  ) ) ) )
  '  |____| .__|_| |_|_| |_\__, | / / / /
 =========|_|==============|___/=/_/_/_/
 :: Spring Boot ::        (v2.0.0.RELEASE)

2018-04-23 06:18:26.358  INFO 11241 --- [    Test worker] c.c.t.controller.ArticleControllerTest   : Starting ArticleControllerTest on master with PID 11241 (started by root in /home/vagrant/workspace/CrossOver1_Workspace/Crossover)
2018-04-23 06:18:26.359  INFO 11241 --- [    Test worker] c.c.t.controller.ArticleControllerTest   : No active profile set, falling back to default profiles: default
2018-04-23 06:18:26.405  INFO 11241 --- [    Test worker] ConfigServletWebServerApplicationContext : Refreshing org.springframework.boot.web.servlet.context.AnnotationConfigServletWebServerApplicationContext@75b15426: startup date [Mon Apr 23 06:18:26 EDT 2018]; root of context hierarchy
2018-04-23 06:18:28.463  INFO 11241 --- [    Test worker] o.s.b.f.s.DefaultListableBeanFactory     : Overriding bean definition for bean 'httpRequestHandlerAdapter' with a different definition: replacing [Root bean: class [null]; scope=; abstract=false; lazyInit=false; autowireMode=3; dependencyCheck=0; autowireCandidate=true; primary=false; factoryBeanName=org.springframework.boot.autoconfigure.web.servlet.WebMvcAutoConfiguration$EnableWebMvcConfiguration; factoryMethodName=httpRequestHandlerAdapter; initMethodName=null; destroyMethodName=(inferred); defined in class path resource [org/springframework/boot/autoconfigure/web/servlet/WebMvcAutoConfiguration$EnableWebMvcConfiguration.class]] with [Root bean: class [null]; scope=; abstract=false; lazyInit=false; autowireMode=3; dependencyCheck=0; autowireCandidate=true; primary=false; factoryBeanName=org.springframework.data.rest.webmvc.config.RepositoryRestMvcConfiguration; factoryMethodName=httpRequestHandlerAdapter; initMethodName=null; destroyMethodName=(inferred); defined in class path resource [org/springframework/data/rest/webmvc/config/RepositoryRestMvcConfiguration.class]]
2018-04-23 06:18:29.472  INFO 11241 --- [    Test worker] trationDelegate$BeanPostProcessorChecker : Bean 'org.springframework.transaction.annotation.ProxyTransactionManagementConfiguration' of type [org.springframework.transaction.annotation.ProxyTransactionManagementConfiguration$$EnhancerBySpringCGLIB$$f5ea7c5b] is not eligible for getting processed by all BeanPostProcessors (for example: not eligible for auto-proxying)
2018-04-23 06:18:31.156  INFO 11241 --- [    Test worker] o.s.b.w.embedded.tomcat.TomcatWebServer  : Tomcat initialized with port(s): 0 (http)
2018-04-23 06:18:31.435  INFO 11241 --- [    Test worker] o.apache.catalina.core.StandardService   : Starting service [Tomcat]
2018-04-23 06:18:31.436  INFO 11241 --- [    Test worker] org.apache.catalina.core.StandardEngine  : Starting Servlet Engine: Apache Tomcat/8.5.28
2018-04-23 06:18:31.768  INFO 11241 --- [ost-startStop-1] o.a.catalina.core.AprLifecycleListener   : The APR based Apache Tomcat Native library which allows optimal performance in production environments was not found on the java.library.path: [/usr/java/packages/lib/amd64:/usr/lib64:/lib64:/lib:/usr/lib]
2018-04-23 06:18:33.568  INFO 11241 --- [ost-startStop-1] o.a.c.c.C.[Tomcat].[localhost].[/]       : Initializing Spring embedded WebApplicationContext
2018-04-23 06:18:33.569  INFO 11241 --- [ost-startStop-1] o.s.web.context.ContextLoader            : Root WebApplicationContext: initialization completed in 7164 ms
2018-04-23 06:18:34.342  INFO 11241 --- [ost-startStop-1] o.s.b.w.servlet.ServletRegistrationBean  : Servlet dispatcherServlet mapped to [/]
2018-04-23 06:18:34.416  INFO 11241 --- [ost-startStop-1] o.s.b.w.servlet.FilterRegistrationBean   : Mapping filter: 'characterEncodingFilter' to: [/*]
2018-04-23 06:18:34.417  INFO 11241 --- [ost-startStop-1] o.s.b.w.servlet.FilterRegistrationBean   : Mapping filter: 'hiddenHttpMethodFilter' to: [/*]
2018-04-23 06:18:34.419  INFO 11241 --- [ost-startStop-1] o.s.b.w.servlet.FilterRegistrationBean   : Mapping filter: 'httpPutFormContentFilter' to: [/*]
2018-04-23 06:18:34.420  INFO 11241 --- [ost-startStop-1] o.s.b.w.servlet.FilterRegistrationBean   : Mapping filter: 'requestContextFilter' to: [/*]
2018-04-23 06:18:36.520  INFO 11241 --- [    Test worker] com.zaxxer.hikari.HikariDataSource       : HikariPool-2 - Starting...
2018-04-23 06:18:39.605  INFO 11241 --- [    Test worker] com.zaxxer.hikari.HikariDataSource       : HikariPool-2 - Start completed.
2018-04-23 06:18:39.814  INFO 11241 --- [    Test worker] liquibase                                : Successfully acquired change log lock
2018-04-23 06:18:40.451  INFO 11241 --- [    Test worker] liquibase                                : Reading from crossblogs.DATABASECHANGELOG
2018-04-23 06:18:40.599  INFO 11241 --- [    Test worker] liquibase                                : Successfully released change log lock
2018-04-23 06:18:40.920  INFO 11241 --- [    Test worker] j.LocalContainerEntityManagerFactoryBean : Building JPA container EntityManagerFactory for persistence unit 'default'
2018-04-23 06:18:40.921  INFO 11241 --- [    Test worker] o.hibernate.jpa.internal.util.LogHelper  : HHH000204: Processing PersistenceUnitInfo [
	name: default
	...]
2018-04-23 06:18:41.047  INFO 11241 --- [    Test worker] org.hibernate.dialect.Dialect            : HHH000400: Using dialect: org.hibernate.dialect.MySQL5Dialect
2018-04-23 06:18:41.309  INFO 11241 --- [    Test worker] j.LocalContainerEntityManagerFactoryBean : Initialized JPA EntityManagerFactory for persistence unit 'default'
2018-04-23 06:18:45.241  INFO 11241 --- [    Test worker] s.w.s.m.m.a.RequestMappingHandlerAdapter : Looking for @ControllerAdvice: org.springframework.boot.web.servlet.context.AnnotationConfigServletWebServerApplicationContext@75b15426: startup date [Mon Apr 23 06:18:26 EDT 2018]; root of context hierarchy
2018-04-23 06:18:45.273  WARN 11241 --- [    Test worker] aWebConfiguration$JpaWebMvcConfiguration : spring.jpa.open-in-view is enabled by default. Therefore, database queries may be performed during view rendering. Explicitly configure spring.jpa.open-in-view to disable this warning
2018-04-23 06:18:45.343  INFO 11241 --- [    Test worker] s.w.s.m.m.a.RequestMappingHandlerMapping : Mapped "{[/articles],methods=[POST]}" onto public org.springframework.http.ResponseEntity<com.crossover.techtrial.model.Article> com.crossover.techtrial.controller.ArticleController.createArticle(com.crossover.techtrial.model.Article)
2018-04-23 06:18:45.344  INFO 11241 --- [    Test worker] s.w.s.m.m.a.RequestMappingHandlerMapping : Mapped "{[/articles/{article-id}],methods=[GET]}" onto public org.springframework.http.ResponseEntity<com.crossover.techtrial.model.Article> com.crossover.techtrial.controller.ArticleController.getArticleById(java.lang.Long)
2018-04-23 06:18:45.345  INFO 11241 --- [    Test worker] s.w.s.m.m.a.RequestMappingHandlerMapping : Mapped "{[/articles/{article-id}],methods=[PUT]}" onto public org.springframework.http.ResponseEntity<com.crossover.techtrial.model.Article> com.crossover.techtrial.controller.ArticleController.updateArticle(java.lang.Long,com.crossover.techtrial.model.Article)
2018-04-23 06:18:45.346  INFO 11241 --- [    Test worker] s.w.s.m.m.a.RequestMappingHandlerMapping : Mapped "{[/articles/{article-id}],methods=[DELETE]}" onto public org.springframework.http.ResponseEntity<com.crossover.techtrial.model.Article> com.crossover.techtrial.controller.ArticleController.deleteArticleById(java.lang.Long)
2018-04-23 06:18:45.346  INFO 11241 --- [    Test worker] s.w.s.m.m.a.RequestMappingHandlerMapping : Mapped "{[/articles/search],methods=[GET]}" onto public org.springframework.http.ResponseEntity<java.util.List<com.crossover.techtrial.model.Article>> com.crossover.techtrial.controller.ArticleController.searchArticles(java.lang.String)
2018-04-23 06:18:45.362  INFO 11241 --- [    Test worker] s.w.s.m.m.a.RequestMappingHandlerMapping : Mapped "{[/articles/{article-id}/comments],methods=[GET]}" onto public org.springframework.http.ResponseEntity<java.util.List<com.crossover.techtrial.model.Comment>> com.crossover.techtrial.controller.CommentController.getComments(java.lang.Long)
2018-04-23 06:18:45.363  INFO 11241 --- [    Test worker] s.w.s.m.m.a.RequestMappingHandlerMapping : Mapped "{[/articles/{article-id}/comments],methods=[POST]}" onto public org.springframework.http.ResponseEntity<com.crossover.techtrial.model.Comment> com.crossover.techtrial.controller.CommentController.createComment(java.lang.Long,com.crossover.techtrial.model.Comment)
2018-04-23 06:18:45.377  INFO 11241 --- [    Test worker] s.w.s.m.m.a.RequestMappingHandlerMapping : Mapped "{[/error],produces=[text/html]}" onto public org.springframework.web.servlet.ModelAndView org.springframework.boot.autoconfigure.web.servlet.error.BasicErrorController.errorHtml(javax.servlet.http.HttpServletRequest,javax.servlet.http.HttpServletResponse)
2018-04-23 06:18:45.379  INFO 11241 --- [    Test worker] s.w.s.m.m.a.RequestMappingHandlerMapping : Mapped "{[/error]}" onto public org.springframework.http.ResponseEntity<java.util.Map<java.lang.String, java.lang.Object>> org.springframework.boot.autoconfigure.web.servlet.error.BasicErrorController.error(javax.servlet.http.HttpServletRequest)
2018-04-23 06:18:45.545  INFO 11241 --- [    Test worker] o.s.w.s.handler.SimpleUrlHandlerMapping  : Mapped URL path [/webjars/**] onto handler of type [class org.springframework.web.servlet.resource.ResourceHttpRequestHandler]
2018-04-23 06:18:45.545  INFO 11241 --- [    Test worker] o.s.w.s.handler.SimpleUrlHandlerMapping  : Mapped URL path [/**] onto handler of type [class org.springframework.web.servlet.resource.ResourceHttpRequestHandler]
2018-04-23 06:18:45.623  INFO 11241 --- [    Test worker] .m.m.a.ExceptionHandlerExceptionResolver : Detected @ExceptionHandler methods in globalExceptionHandler
2018-04-23 06:18:45.624  INFO 11241 --- [    Test worker] .m.m.a.ExceptionHandlerExceptionResolver : Detected @ExceptionHandler methods in repositoryRestExceptionHandler
2018-04-23 06:18:45.946  INFO 11241 --- [    Test worker] o.s.w.s.handler.SimpleUrlHandlerMapping  : Mapped URL path [/**/favicon.ico] onto handler of type [class org.springframework.web.servlet.resource.ResourceHttpRequestHandler]
2018-04-23 06:18:46.781  INFO 11241 --- [    Test worker] o.s.d.r.w.RepositoryRestHandlerAdapter   : Looking for @ControllerAdvice: org.springframework.boot.web.servlet.context.AnnotationConfigServletWebServerApplicationContext@75b15426: startup date [Mon Apr 23 06:18:26 EDT 2018]; root of context hierarchy
2018-04-23 06:18:46.835  INFO 11241 --- [    Test worker] o.s.d.r.w.RepositoryRestHandlerMapping   : Mapped "{[/api/{repository}],methods=[OPTIONS],produces=[application/hal+json || application/json]}" onto public org.springframework.http.ResponseEntity<?> org.springframework.data.rest.webmvc.RepositoryEntityController.optionsForCollectionResource(org.springframework.data.rest.webmvc.RootResourceInformation)
2018-04-23 06:18:46.836  INFO 11241 --- [    Test worker] o.s.d.r.w.RepositoryRestHandlerMapping   : Mapped "{[/api/{repository}],methods=[HEAD],produces=[application/hal+json || application/json]}" onto public org.springframework.http.ResponseEntity<?> org.springframework.data.rest.webmvc.RepositoryEntityController.headCollectionResource(org.springframework.data.rest.webmvc.RootResourceInformation,org.springframework.data.rest.webmvc.support.DefaultedPageable) throws org.springframework.web.HttpRequestMethodNotSupportedException
2018-04-23 06:18:46.847  INFO 11241 --- [    Test worker] o.s.d.r.w.RepositoryRestHandlerMapping   : Mapped "{[/api/{repository}],methods=[GET],produces=[application/hal+json || application/json]}" onto public org.springframework.hateoas.Resources<?> org.springframework.data.rest.webmvc.RepositoryEntityController.getCollectionResource(org.springframework.data.rest.webmvc.RootResourceInformation,org.springframework.data.rest.webmvc.support.DefaultedPageable,org.springframework.data.domain.Sort,org.springframework.data.rest.webmvc.PersistentEntityResourceAssembler) throws org.springframework.data.rest.webmvc.ResourceNotFoundException,org.springframework.web.HttpRequestMethodNotSupportedException
2018-04-23 06:18:46.847  INFO 11241 --- [    Test worker] o.s.d.r.w.RepositoryRestHandlerMapping   : Mapped "{[/api/{repository}],methods=[GET],produces=[application/x-spring-data-compact+json || text/uri-list]}" onto public org.springframework.hateoas.Resources<?> org.springframework.data.rest.webmvc.RepositoryEntityController.getCollectionResourceCompact(org.springframework.data.rest.webmvc.RootResourceInformation,org.springframework.data.rest.webmvc.support.DefaultedPageable,org.springframework.data.domain.Sort,org.springframework.data.rest.webmvc.PersistentEntityResourceAssembler) throws org.springframework.data.rest.webmvc.ResourceNotFoundException,org.springframework.web.HttpRequestMethodNotSupportedException
2018-04-23 06:18:46.848  INFO 11241 --- [    Test worker] o.s.d.r.w.RepositoryRestHandlerMapping   : Mapped "{[/api/{repository}],methods=[POST],produces=[application/hal+json || application/json]}" onto public org.springframework.http.ResponseEntity<org.springframework.hateoas.ResourceSupport> org.springframework.data.rest.webmvc.RepositoryEntityController.postCollectionResource(org.springframework.data.rest.webmvc.RootResourceInformation,org.springframework.data.rest.webmvc.PersistentEntityResource,org.springframework.data.rest.webmvc.PersistentEntityResourceAssembler,java.lang.String) throws org.springframework.web.HttpRequestMethodNotSupportedException
2018-04-23 06:18:46.849  INFO 11241 --- [    Test worker] o.s.d.r.w.RepositoryRestHandlerMapping   : Mapped "{[/api/{repository}/{id}],methods=[OPTIONS],produces=[application/hal+json || application/json]}" onto public org.springframework.http.ResponseEntity<?> org.springframework.data.rest.webmvc.RepositoryEntityController.optionsForItemResource(org.springframework.data.rest.webmvc.RootResourceInformation)
2018-04-23 06:18:46.850  INFO 11241 --- [    Test worker] o.s.d.r.w.RepositoryRestHandlerMapping   : Mapped "{[/api/{repository}/{id}],methods=[HEAD],produces=[application/hal+json || application/json]}" onto public org.springframework.http.ResponseEntity<?> org.springframework.data.rest.webmvc.RepositoryEntityController.headForItemResource(org.springframework.data.rest.webmvc.RootResourceInformation,java.io.Serializable,org.springframework.data.rest.webmvc.PersistentEntityResourceAssembler) throws org.springframework.web.HttpRequestMethodNotSupportedException
2018-04-23 06:18:46.863  INFO 11241 --- [    Test worker] o.s.d.r.w.RepositoryRestHandlerMapping   : Mapped "{[/api/{repository}/{id}],methods=[GET],produces=[application/hal+json || application/json]}" onto public org.springframework.http.ResponseEntity<org.springframework.hateoas.Resource<?>> org.springframework.data.rest.webmvc.RepositoryEntityController.getItemResource(org.springframework.data.rest.webmvc.RootResourceInformation,java.io.Serializable,org.springframework.data.rest.webmvc.PersistentEntityResourceAssembler,org.springframework.http.HttpHeaders) throws org.springframework.web.HttpRequestMethodNotSupportedException
2018-04-23 06:18:46.864  INFO 11241 --- [    Test worker] o.s.d.r.w.RepositoryRestHandlerMapping   : Mapped "{[/api/{repository}/{id}],methods=[PUT],produces=[application/hal+json || application/json]}" onto public org.springframework.http.ResponseEntity<? extends org.springframework.hateoas.ResourceSupport> org.springframework.data.rest.webmvc.RepositoryEntityController.putItemResource(org.springframework.data.rest.webmvc.RootResourceInformation,org.springframework.data.rest.webmvc.PersistentEntityResource,java.io.Serializable,org.springframework.data.rest.webmvc.PersistentEntityResourceAssembler,org.springframework.data.rest.webmvc.support.ETag,java.lang.String) throws org.springframework.web.HttpRequestMethodNotSupportedException
2018-04-23 06:18:46.866  INFO 11241 --- [    Test worker] o.s.d.r.w.RepositoryRestHandlerMapping   : Mapped "{[/api/{repository}/{id}],methods=[PATCH],produces=[application/hal+json || application/json]}" onto public org.springframework.http.ResponseEntity<org.springframework.hateoas.ResourceSupport> org.springframework.data.rest.webmvc.RepositoryEntityController.patchItemResource(org.springframework.data.rest.webmvc.RootResourceInformation,org.springframework.data.rest.webmvc.PersistentEntityResource,java.io.Serializable,org.springframework.data.rest.webmvc.PersistentEntityResourceAssembler,org.springframework.data.rest.webmvc.support.ETag,java.lang.String) throws org.springframework.web.HttpRequestMethodNotSupportedException,org.springframework.data.rest.webmvc.ResourceNotFoundException
2018-04-23 06:18:46.866  INFO 11241 --- [    Test worker] o.s.d.r.w.RepositoryRestHandlerMapping   : Mapped "{[/api/{repository}/{id}],methods=[DELETE],produces=[application/hal+json || application/json]}" onto public org.springframework.http.ResponseEntity<?> org.springframework.data.rest.webmvc.RepositoryEntityController.deleteItemResource(org.springframework.data.rest.webmvc.RootResourceInformation,java.io.Serializable,org.springframework.data.rest.webmvc.support.ETag) throws org.springframework.data.rest.webmvc.ResourceNotFoundException,org.springframework.web.HttpRequestMethodNotSupportedException
2018-04-23 06:18:46.868  INFO 11241 --- [    Test worker] o.s.d.r.w.RepositoryRestHandlerMapping   : Mapped "{[/api/ || /api],methods=[HEAD],produces=[application/hal+json || application/json]}" onto public org.springframework.http.ResponseEntity<?> org.springframework.data.rest.webmvc.RepositoryController.headForRepositories()
2018-04-23 06:18:46.879  INFO 11241 --- [    Test worker] o.s.d.r.w.RepositoryRestHandlerMapping   : Mapped "{[/api/ || /api],methods=[GET],produces=[application/hal+json || application/json]}" onto public org.springframework.http.HttpEntity<org.springframework.data.rest.webmvc.RepositoryLinksResource> org.springframework.data.rest.webmvc.RepositoryController.listRepositories()
2018-04-23 06:18:46.880  INFO 11241 --- [    Test worker] o.s.d.r.w.RepositoryRestHandlerMapping   : Mapped "{[/api/ || /api],methods=[OPTIONS],produces=[application/hal+json || application/json]}" onto public org.springframework.http.HttpEntity<?> org.springframework.data.rest.webmvc.RepositoryController.optionsForRepositories()
2018-04-23 06:18:46.911  INFO 11241 --- [    Test worker] o.s.d.r.w.RepositoryRestHandlerMapping   : Mapped "{[/api/{repository}/{id}/{property}],methods=[GET],produces=[application/hal+json || application/json]}" onto public org.springframework.http.ResponseEntity<org.springframework.hateoas.ResourceSupport> org.springframework.data.rest.webmvc.RepositoryPropertyReferenceController.followPropertyReference(org.springframework.data.rest.webmvc.RootResourceInformation,java.io.Serializable,java.lang.String,org.springframework.data.rest.webmvc.PersistentEntityResourceAssembler) throws java.lang.Exception
2018-04-23 06:18:46.912  INFO 11241 --- [    Test worker] o.s.d.r.w.RepositoryRestHandlerMapping   : Mapped "{[/api/{repository}/{id}/{property}/{propertyId}],methods=[GET],produces=[application/hal+json || application/json]}" onto public org.springframework.http.ResponseEntity<org.springframework.hateoas.ResourceSupport> org.springframework.data.rest.webmvc.RepositoryPropertyReferenceController.followPropertyReference(org.springframework.data.rest.webmvc.RootResourceInformation,java.io.Serializable,java.lang.String,java.lang.String,org.springframework.data.rest.webmvc.PersistentEntityResourceAssembler) throws java.lang.Exception
2018-04-23 06:18:46.913  INFO 11241 --- [    Test worker] o.s.d.r.w.RepositoryRestHandlerMapping   : Mapped "{[/api/{repository}/{id}/{property}],methods=[DELETE],produces=[application/hal+json || application/json]}" onto public org.springframework.http.ResponseEntity<? extends org.springframework.hateoas.ResourceSupport> org.springframework.data.rest.webmvc.RepositoryPropertyReferenceController.deletePropertyReference(org.springframework.data.rest.webmvc.RootResourceInformation,java.io.Serializable,java.lang.String) throws java.lang.Exception
2018-04-23 06:18:46.913  INFO 11241 --- [    Test worker] o.s.d.r.w.RepositoryRestHandlerMapping   : Mapped "{[/api/{repository}/{id}/{property}],methods=[GET],produces=[application/x-spring-data-compact+json || text/uri-list]}" onto public org.springframework.http.ResponseEntity<org.springframework.hateoas.ResourceSupport> org.springframework.data.rest.webmvc.RepositoryPropertyReferenceController.followPropertyReferenceCompact(org.springframework.data.rest.webmvc.RootResourceInformation,java.io.Serializable,java.lang.String,org.springframework.data.rest.webmvc.PersistentEntityResourceAssembler) throws java.lang.Exception
2018-04-23 06:18:46.914  INFO 11241 --- [    Test worker] o.s.d.r.w.RepositoryRestHandlerMapping   : Mapped "{[/api/{repository}/{id}/{property}],methods=[PATCH || PUT || POST],consumes=[application/json || application/x-spring-data-compact+json || text/uri-list],produces=[application/hal+json || application/json]}" onto public org.springframework.http.ResponseEntity<? extends org.springframework.hateoas.ResourceSupport> org.springframework.data.rest.webmvc.RepositoryPropertyReferenceController.createPropertyReference(org.springframework.data.rest.webmvc.RootResourceInformation,org.springframework.http.HttpMethod,org.springframework.hateoas.Resources<java.lang.Object>,java.io.Serializable,java.lang.String) throws java.lang.Exception
2018-04-23 06:18:46.919  INFO 11241 --- [    Test worker] o.s.d.r.w.RepositoryRestHandlerMapping   : Mapped "{[/api/{repository}/{id}/{property}/{propertyId}],methods=[DELETE],produces=[application/hal+json || application/json]}" onto public org.springframework.http.ResponseEntity<org.springframework.hateoas.ResourceSupport> org.springframework.data.rest.webmvc.RepositoryPropertyReferenceController.deletePropertyReferenceId(org.springframework.data.rest.webmvc.RootResourceInformation,java.io.Serializable,java.lang.String,java.lang.String) throws java.lang.Exception
2018-04-23 06:18:46.923  INFO 11241 --- [    Test worker] o.s.d.r.w.RepositoryRestHandlerMapping   : Mapped "{[/api/{repository}/search],methods=[OPTIONS],produces=[application/hal+json || application/json]}" onto public org.springframework.http.HttpEntity<?> org.springframework.data.rest.webmvc.RepositorySearchController.optionsForSearches(org.springframework.data.rest.webmvc.RootResourceInformation)
2018-04-23 06:18:46.948  INFO 11241 --- [    Test worker] o.s.d.r.w.RepositoryRestHandlerMapping   : Mapped "{[/api/{repository}/search],methods=[HEAD],produces=[application/hal+json || application/json]}" onto public org.springframework.http.HttpEntity<?> org.springframework.data.rest.webmvc.RepositorySearchController.headForSearches(org.springframework.data.rest.webmvc.RootResourceInformation)
2018-04-23 06:18:46.950  INFO 11241 --- [    Test worker] o.s.d.r.w.RepositoryRestHandlerMapping   : Mapped "{[/api/{repository}/search],methods=[GET],produces=[application/hal+json || application/json]}" onto public org.springframework.data.rest.webmvc.RepositorySearchesResource org.springframework.data.rest.webmvc.RepositorySearchController.listSearches(org.springframework.data.rest.webmvc.RootResourceInformation)
2018-04-23 06:18:46.951  INFO 11241 --- [    Test worker] o.s.d.r.w.RepositoryRestHandlerMapping   : Mapped "{[/api/{repository}/search/{search}],methods=[GET],produces=[application/hal+json || application/json]}" onto public org.springframework.http.ResponseEntity<?> org.springframework.data.rest.webmvc.RepositorySearchController.executeSearch(org.springframework.data.rest.webmvc.RootResourceInformation,org.springframework.util.MultiValueMap<java.lang.String, java.lang.Object>,java.lang.String,org.springframework.data.rest.webmvc.support.DefaultedPageable,org.springframework.data.domain.Sort,org.springframework.data.rest.webmvc.PersistentEntityResourceAssembler,org.springframework.http.HttpHeaders)
2018-04-23 06:18:46.953  INFO 11241 --- [    Test worker] o.s.d.r.w.RepositoryRestHandlerMapping   : Mapped "{[/api/{repository}/search/{search}],methods=[GET],produces=[application/x-spring-data-compact+json]}" onto public org.springframework.hateoas.ResourceSupport org.springframework.data.rest.webmvc.RepositorySearchController.executeSearchCompact(org.springframework.data.rest.webmvc.RootResourceInformation,org.springframework.http.HttpHeaders,org.springframework.util.MultiValueMap<java.lang.String, java.lang.Object>,java.lang.String,java.lang.String,org.springframework.data.rest.webmvc.support.DefaultedPageable,org.springframework.data.domain.Sort,org.springframework.data.rest.webmvc.PersistentEntityResourceAssembler)
2018-04-23 06:18:46.967  INFO 11241 --- [    Test worker] o.s.d.r.w.RepositoryRestHandlerMapping   : Mapped "{[/api/{repository}/search/{search}],methods=[OPTIONS],produces=[application/hal+json || application/json]}" onto public org.springframework.http.ResponseEntity<java.lang.Object> org.springframework.data.rest.webmvc.RepositorySearchController.optionsForSearch(org.springframework.data.rest.webmvc.RootResourceInformation,java.lang.String)
2018-04-23 06:18:46.968  INFO 11241 --- [    Test worker] o.s.d.r.w.RepositoryRestHandlerMapping   : Mapped "{[/api/{repository}/search/{search}],methods=[HEAD],produces=[application/hal+json || application/json]}" onto public org.springframework.http.ResponseEntity<java.lang.Object> org.springframework.data.rest.webmvc.RepositorySearchController.headForSearch(org.springframework.data.rest.webmvc.RootResourceInformation,java.lang.String)
2018-04-23 06:18:46.994  INFO 11241 --- [    Test worker] o.s.d.r.w.BasePathAwareHandlerMapping    : Mapped "{[/api/profile/{repository}],methods=[GET],produces=[application/schema+json]}" onto public org.springframework.http.HttpEntity<org.springframework.data.rest.webmvc.json.JsonSchema> org.springframework.data.rest.webmvc.RepositorySchemaController.schema(org.springframework.data.rest.webmvc.RootResourceInformation)
2018-04-23 06:18:46.995  INFO 11241 --- [    Test worker] o.s.d.r.w.BasePathAwareHandlerMapping    : Mapped "{[/api/profile],methods=[OPTIONS]}" onto public org.springframework.http.HttpEntity<?> org.springframework.data.rest.webmvc.ProfileController.profileOptions()
2018-04-23 06:18:46.996  INFO 11241 --- [    Test worker] o.s.d.r.w.BasePathAwareHandlerMapping    : Mapped "{[/api/profile],methods=[GET]}" onto org.springframework.http.HttpEntity<org.springframework.hateoas.ResourceSupport> org.springframework.data.rest.webmvc.ProfileController.listAllFormsOfMetadata()
2018-04-23 06:18:46.997  INFO 11241 --- [    Test worker] o.s.d.r.w.BasePathAwareHandlerMapping    : Mapped "{[/api/profile/{repository}],methods=[OPTIONS],produces=[application/alps+json]}" onto org.springframework.http.HttpEntity<?> org.springframework.data.rest.webmvc.alps.AlpsController.alpsOptions()
2018-04-23 06:18:46.997  INFO 11241 --- [    Test worker] o.s.d.r.w.BasePathAwareHandlerMapping    : Mapped "{[/api/profile/{repository}],methods=[GET],produces=[application/alps+json || */*]}" onto org.springframework.http.HttpEntity<org.springframework.data.rest.webmvc.RootResourceInformation> org.springframework.data.rest.webmvc.alps.AlpsController.descriptor(org.springframework.data.rest.webmvc.RootResourceInformation)
2018-04-23 06:18:48.426  INFO 11241 --- [    Test worker] o.s.b.w.embedded.tomcat.TomcatWebServer  : Tomcat started on port(s): 43057 (http) with context path ''
2018-04-23 06:18:48.455  INFO 11241 --- [    Test worker] c.c.t.controller.ArticleControllerTest   : Started ArticleControllerTest in 23.371 seconds (JVM running for 102.041)
2018-04-23 06:18:54.166  INFO 11241 --- [o-auto-1-exec-1] o.a.c.c.C.[Tomcat].[localhost].[/]       : Initializing Spring FrameworkServlet 'dispatcherServlet'
2018-04-23 06:18:54.167  INFO 11241 --- [o-auto-1-exec-1] o.s.web.servlet.DispatcherServlet        : FrameworkServlet 'dispatcherServlet': initialization started
2018-04-23 06:18:54.290  INFO 11241 --- [o-auto-1-exec-1] o.s.web.servlet.DispatcherServlet        : FrameworkServlet 'dispatcherServlet': initialization completed in 123 ms
]]></system-out>
  <system-err><![CDATA[]]></system-err>
</testsuite>
